2018-10-11 11:26:51.591  INFO 8044 --- [main] c.b.MonProjetSpring11LoggingApplication  : Starting MonProjetSpring11LoggingApplication on DESKTOP-I5AFB4S with PID 8044 (C:\workspace\MonProjetSpring-11-Logging\target\classes started by Lab07 in C:\workspace\MonProjetSpring-11-Logging)
2018-10-11 11:26:51.595  INFO 8044 --- [main] c.b.MonProjetSpring11LoggingApplication  : No active profile set, falling back to default profiles: default
2018-10-11 11:26:51.635  INFO 8044 --- [main] s.c.a.AnnotationConfigApplicationContext : Refreshing org.springframework.context.annotation.AnnotationConfigApplicationContext@38c5cc4c: startup date [Thu Oct 11 11:26:51 GMT+01:00 2018]; root of context hierarchy
2018-10-11 11:26:52.139  INFO 8044 --- [main] o.s.j.e.a.AnnotationMBeanExporter        : Registering beans for JMX exposure on startup
2018-10-11 11:26:52.153  INFO 8044 --- [main] c.b.MonProjetSpring11LoggingApplication  : Started MonProjetSpring11LoggingApplication in 0.933 seconds (JVM running for 1.619)
2018-10-11 11:26:52.155  WARN 8044 --- [main] c.b.MonProjetSpring11LoggingApplication  : voici mon message d'info.............
2018-10-11 11:26:52.157  INFO 8044 --- [Thread-2] s.c.a.AnnotationConfigApplicationContext : Closing org.springframework.context.annotation.AnnotationConfigApplicationContext@38c5cc4c: startup date [Thu Oct 11 11:26:51 GMT+01:00 2018]; root of context hierarchy
2018-10-11 11:26:52.159  INFO 8044 --- [Thread-2] o.s.j.e.a.AnnotationMBeanExporter        : Unregistering JMX-exposed beans on shutdown
2018-10-11 11:29:14.298  INFO 1696 --- [main] c.b.MonProjetSpring11LoggingApplication  : Starting MonProjetSpring11LoggingApplication on DESKTOP-I5AFB4S with PID 1696 (C:\workspace\MonProjetSpring-11-Logging\target\classes started by Lab07 in C:\workspace\MonProjetSpring-11-Logging)
2018-10-11 11:29:14.302  INFO 1696 --- [main] c.b.MonProjetSpring11LoggingApplication  : No active profile set, falling back to default profiles: default
2018-10-11 11:29:14.344  INFO 1696 --- [main] s.c.a.AnnotationConfigApplicationContext : Refreshing org.springframework.context.annotation.AnnotationConfigApplicationContext@222114ba: startup date [Thu Oct 11 11:29:14 GMT+01:00 2018]; root of context hierarchy
2018-10-11 11:29:14.849  INFO 1696 --- [main] o.s.j.e.a.AnnotationMBeanExporter        : Registering beans for JMX exposure on startup
2018-10-11 11:29:14.864  INFO 1696 --- [main] c.b.MonProjetSpring11LoggingApplication  : Started MonProjetSpring11LoggingApplication in 0.926 seconds (JVM running for 1.611)
2018-10-11 11:29:14.866  WARN 1696 --- [main] c.b.MonProjetSpring11LoggingApplication  : voici mon message d'info.............
2018-10-11 11:29:14.867  INFO 1696 --- [Thread-2] s.c.a.AnnotationConfigApplicationContext : Closing org.springframework.context.annotation.AnnotationConfigApplicationContext@222114ba: startup date [Thu Oct 11 11:29:14 GMT+01:00 2018]; root of context hierarchy
2018-10-11 11:29:14.870  INFO 1696 --- [Thread-2] o.s.j.e.a.AnnotationMBeanExporter        : Unregistering JMX-exposed beans on shutdown
2018-10-11 11:29:53.159  INFO 2360 --- [main] c.b.MonProjetSpring11LoggingApplication  : Starting MonProjetSpring11LoggingApplication on DESKTOP-I5AFB4S with PID 2360 (C:\workspace\MonProjetSpring-11-Logging\target\classes started by Lab07 in C:\workspace\MonProjetSpring-11-Logging)
2018-10-11 11:29:53.164  INFO 2360 --- [main] c.b.MonProjetSpring11LoggingApplication  : No active profile set, falling back to default profiles: default
2018-10-11 11:29:53.206  INFO 2360 --- [main] s.c.a.AnnotationConfigApplicationContext : Refreshing org.springframework.context.annotation.AnnotationConfigApplicationContext@23529fee: startup date [Thu Oct 11 11:29:53 GMT+01:00 2018]; root of context hierarchy
2018-10-11 11:29:53.712  INFO 2360 --- [main] o.s.j.e.a.AnnotationMBeanExporter        : Registering beans for JMX exposure on startup
2018-10-11 11:29:53.727  INFO 2360 --- [main] c.b.MonProjetSpring11LoggingApplication  : Started MonProjetSpring11LoggingApplication in 0.93 seconds (JVM running for 1.703)
2018-10-11 11:29:53.729  WARN 2360 --- [main] c.b.MonProjetSpring11LoggingApplication  : voici mon message d'info.............
2018-10-11 11:29:53.730  INFO 2360 --- [Thread-2] s.c.a.AnnotationConfigApplicationContext : Closing org.springframework.context.annotation.AnnotationConfigApplicationContext@23529fee: startup date [Thu Oct 11 11:29:53 GMT+01:00 2018]; root of context hierarchy
2018-10-11 11:29:53.733  INFO 2360 --- [Thread-2] o.s.j.e.a.AnnotationMBeanExporter        : Unregistering JMX-exposed beans on shutdown
2018-10-11 11:30:23.976  INFO 2404 --- [main] c.b.MonProjetSpring11LoggingApplication  : Starting MonProjetSpring11LoggingApplication on DESKTOP-I5AFB4S with PID 2404 (C:\workspace\MonProjetSpring-11-Logging\target\classes started by Lab07 in C:\workspace\MonProjetSpring-11-Logging)
2018-10-11 11:30:23.980  INFO 2404 --- [main] c.b.MonProjetSpring11LoggingApplication  : No active profile set, falling back to default profiles: default
2018-10-11 11:30:24.024  INFO 2404 --- [main] s.c.a.AnnotationConfigApplicationContext : Refreshing org.springframework.context.annotation.AnnotationConfigApplicationContext@7f1302d6: startup date [Thu Oct 11 11:30:24 GMT+01:00 2018]; root of context hierarchy
2018-10-11 11:30:24.512  INFO 2404 --- [main] o.s.j.e.a.AnnotationMBeanExporter        : Registering beans for JMX exposure on startup
2018-10-11 11:30:24.527  INFO 2404 --- [main] c.b.MonProjetSpring11LoggingApplication  : Started MonProjetSpring11LoggingApplication in 0.901 seconds (JVM running for 1.59)
2018-10-11 11:30:24.529  WARN 2404 --- [main] c.b.MonProjetSpring11LoggingApplication  : voici mon message d'info.............
2018-10-11 11:30:24.531  INFO 2404 --- [Thread-2] s.c.a.AnnotationConfigApplicationContext : Closing org.springframework.context.annotation.AnnotationConfigApplicationContext@7f1302d6: startup date [Thu Oct 11 11:30:24 GMT+01:00 2018]; root of context hierarchy
2018-10-11 11:30:24.533  INFO 2404 --- [Thread-2] o.s.j.e.a.AnnotationMBeanExporter        : Unregistering JMX-exposed beans on shutdown
